[INFO] Scanning for projects...
[INFO] 
[INFO] ------------------------< tn.gl:config-server >-------------------------
[INFO] Building config-server 0.0.1-SNAPSHOT
[INFO]   from pom.xml
[INFO] --------------------------------[ jar ]---------------------------------
[INFO] 
[INFO] >>> spring-boot:3.2.4:run (default-cli) > test-compile @ config-server >>>
[INFO] 
[INFO] --- resources:3.3.1:resources (default-resources) @ config-server ---
[INFO] Copying 1 resource from src/main/resources to target/classes
[INFO] Copying 0 resource from src/main/resources to target/classes
[INFO] 
[INFO] --- compiler:3.11.0:compile (default-compile) @ config-server ---
[INFO] Nothing to compile - all classes are up to date
[INFO] 
[INFO] --- resources:3.3.1:testResources (default-testResources) @ config-server ---
[INFO] skip non existing resourceDirectory /Users/yossr/spring/mini-projet-ms/config-server/src/test/resources
[INFO] 
[INFO] --- compiler:3.11.0:testCompile (default-testCompile) @ config-server ---
[INFO] No sources to compile
[INFO] 
[INFO] <<< spring-boot:3.2.4:run (default-cli) < test-compile @ config-server <<<
[INFO] 
[INFO] 
[INFO] --- spring-boot:3.2.4:run (default-cli) @ config-server ---
[INFO] Attaching agents: []

  .   ____          _            __ _ _
 /\\ / ___'_ __ _ _(_)_ __  __ _ \ \ \ \
( ( )\___ | '_ | '_| | '_ \/ _` | \ \ \ \
 \\/  ___)| |_)| | | | | || (_| |  ) ) ) )
  '  |____| .__|_| |_|_| |_\__, | / / / /
 =========|_|==============|___/=/_/_/_/
[32m :: Spring Boot :: [39m              [2m (v3.2.4)[0;39m

[2m2025-12-27T21:34:51.162+01:00[0;39m [32m INFO[0;39m [35m22973[0;39m [2m---[0;39m [2m[config-server] [           main][0;39m [2m[0;39m[36mt.g.c.ConfigServerApplication           [0;39m [2m:[0;39m Starting ConfigServerApplication using Java 23.0.2 with PID 22973 (/Users/yossr/spring/mini-projet-ms/config-server/target/classes started by yossr in /Users/yossr/spring/mini-projet-ms/config-server)
[2m2025-12-27T21:34:51.164+01:00[0;39m [32m INFO[0;39m [35m22973[0;39m [2m---[0;39m [2m[config-server] [           main][0;39m [2m[0;39m[36mt.g.c.ConfigServerApplication           [0;39m [2m:[0;39m The following 1 profile is active: "native"
[2m2025-12-27T21:34:51.672+01:00[0;39m [32m INFO[0;39m [35m22973[0;39m [2m---[0;39m [2m[config-server] [           main][0;39m [2m[0;39m[36mo.s.cloud.context.scope.GenericScope    [0;39m [2m:[0;39m BeanFactory id=c54c597d-0e6b-3b0d-a2e2-12425feaaae4
[2m2025-12-27T21:34:51.840+01:00[0;39m [32m INFO[0;39m [35m22973[0;39m [2m---[0;39m [2m[config-server] [           main][0;39m [2m[0;39m[36mo.s.b.w.embedded.tomcat.TomcatWebServer [0;39m [2m:[0;39m Tomcat initialized with port 8888 (http)
[2m2025-12-27T21:34:51.848+01:00[0;39m [32m INFO[0;39m [35m22973[0;39m [2m---[0;39m [2m[config-server] [           main][0;39m [2m[0;39m[36mo.apache.catalina.core.StandardService  [0;39m [2m:[0;39m Starting service [Tomcat]
[2m2025-12-27T21:34:51.848+01:00[0;39m [32m INFO[0;39m [35m22973[0;39m [2m---[0;39m [2m[config-server] [           main][0;39m [2m[0;39m[36mo.apache.catalina.core.StandardEngine   [0;39m [2m:[0;39m Starting Servlet engine: [Apache Tomcat/10.1.19]
[2m2025-12-27T21:34:51.887+01:00[0;39m [32m INFO[0;39m [35m22973[0;39m [2m---[0;39m [2m[config-server] [           main][0;39m [2m[0;39m[36mo.a.c.c.C.[Tomcat].[localhost].[/]      [0;39m [2m:[0;39m Initializing Spring embedded WebApplicationContext
[2m2025-12-27T21:34:51.887+01:00[0;39m [32m INFO[0;39m [35m22973[0;39m [2m---[0;39m [2m[config-server] [           main][0;39m [2m[0;39m[36mw.s.c.ServletWebServerApplicationContext[0;39m [2m:[0;39m Root WebApplicationContext: initialization completed in 688 ms
[2m2025-12-27T21:34:52.268+01:00[0;39m [32m INFO[0;39m [35m22973[0;39m [2m---[0;39m [2m[config-server] [           main][0;39m [2m[0;39m[36mo.s.b.w.embedded.tomcat.TomcatWebServer [0;39m [2m:[0;39m Tomcat started on port 8888 (http) with context path ''
[2m2025-12-27T21:34:52.282+01:00[0;39m [32m INFO[0;39m [35m22973[0;39m [2m---[0;39m [2m[config-server] [           main][0;39m [2m[0;39m[36mt.g.c.ConfigServerApplication           [0;39m [2m:[0;39m Started ConfigServerApplication in 1.407 seconds (process running for 1.646)
